<?xml version="1.0" encoding="UTF-8"?>
<!-- Generated by org.testng.reporters.JUnitXMLReporter -->
<testsuite ignored="0" hostname="DESKTOP-EVNKM3L" failures="0" tests="3" name="Test1" time="81.845" errors="0" timestamp="2022-05-05T10:54:24 IST">
  <testcase classname="com.VTiger.TestCases.TC_01WithTestNG" name="createorg" time="26.097"/>
  <testcase classname="com.VTiger.TestCases.TC_02WithTestNG" name="createorg_dd" time="25.81"/>
  <testcase classname="com.VTiger.TestCases.TC_03WithTestNG" name="createcontact_org" time="46.0"/>
</testsuite> <!-- Test1 -->
