<?xml version="1.0" encoding="UTF-8"?>
<!-- Generated by org.testng.reporters.JUnitXMLReporter -->
<testsuite ignored="6" hostname="DESKTOP-EVNKM3L" failures="3" tests="3" name="Test" time="136.294" errors="0" timestamp="2022-05-05T17:13:31 IST">
  <testcase classname="com.VTiger.TestCases.TC_02WithTestNG" name="createorg_dd" time="21.475">
    <failure type="java.lang.AssertionError" message="expected [false] but found [true]">
      <![CDATA[java.lang.AssertionError: expected [false] but found [true]
at com.VTiger.TestCases.TC_02WithTestNG.createorg_dd(TC_02WithTestNG.java:57)
at java.base/java.util.ArrayList.forEach(ArrayList.java:1511)
... Removed 31 stack frames]]>
    </failure>
  </testcase> <!-- createorg_dd -->
  <testcase classname="com.VTiger.TestCases.TC_01WithTestNG" name="createorg" time="22.124">
    <failure type="java.lang.AssertionError" message="expected [false] but found [true]">
      <![CDATA[java.lang.AssertionError: expected [false] but found [true]
at com.VTiger.TestCases.TC_01WithTestNG.createorg(TC_01WithTestNG.java:51)
at java.base/java.util.ArrayList.forEach(ArrayList.java:1511)
... Removed 31 stack frames]]>
    </failure>
  </testcase> <!-- createorg -->
  <testcase classname="com.VTiger.TestCases.TC_03WithTestNG" name="createcontact_org" time="45.306">
    <failure type="java.lang.AssertionError" message="expected [false] but found [true]">
      <![CDATA[java.lang.AssertionError: expected [false] but found [true]
at com.VTiger.TestCases.TC_03WithTestNG.createcontact_org(TC_03WithTestNG.java:75)
at java.base/java.util.ArrayList.forEach(ArrayList.java:1511)
... Removed 31 stack frames]]>
    </failure>
  </testcase> <!-- createcontact_org -->
  <testcase classname="com.VTiger.generic.BaseClass" name="@BeforeSuite connecttoDB" time="0.0">
    <ignored/>
  </testcase> <!-- @BeforeSuite connecttoDB -->
  <testcase classname="com.VTiger.generic.BaseClass" name="@BeforeSuite connecttoDB" time="0.0">
    <ignored/>
  </testcase> <!-- @BeforeSuite connecttoDB -->
  <testcase classname="com.VTiger.generic.BaseClass" name="@AfterSuite disConnectDB" time="0.0">
    <ignored/>
  </testcase> <!-- @AfterSuite disConnectDB -->
  <testcase classname="com.VTiger.generic.BaseClass" name="@AfterSuite disConnectDB" time="0.0">
    <ignored/>
  </testcase> <!-- @AfterSuite disConnectDB -->
  <testcase classname="com.VTiger.generic.BaseClass" name="@AfterTest closeBrowser" time="0.0">
    <ignored/>
  </testcase> <!-- @AfterTest closeBrowser -->
  <testcase classname="com.VTiger.generic.BaseClass" name="@AfterTest closeBrowser" time="0.0">
    <ignored/>
  </testcase> <!-- @AfterTest closeBrowser -->
</testsuite> <!-- Test -->
